<?xml version="1.0" encoding="UTF-8"?>
<testsuite name="test_get_vaccine_date_tests.TestGetVaccineDate-20220523214806" tests="9" file="test_get_vaccine_date_tests.py" time="0.148" timestamp="2022-05-23T21:48:07" failures="0" errors="0" skipped="0">
	<testcase classname="test_get_vaccine_date_tests.TestGetVaccineDate" name="test_get_vaccine_date_bad_format" time="0.004" timestamp="2022-05-23T21:48:07"/>
	<testcase classname="test_get_vaccine_date_tests.TestGetVaccineDate" name="test_get_vaccine_date_igual" time="0.004" timestamp="2022-05-23T21:48:07"/>
	<testcase classname="test_get_vaccine_date_tests.TestGetVaccineDate" name="test_get_vaccine_date_mayor" time="0.008" timestamp="2022-05-23T21:48:07"/>
	<testcase classname="test_get_vaccine_date_tests.TestGetVaccineDate" name="test_get_vaccine_date_menor" time="0.004" timestamp="2022-05-23T21:48:07"/>
	<testcase classname="test_get_vaccine_date_tests.TestGetVaccineDate" name="test_get_vaccine_date_no_ok" time="0.003" timestamp="2022-05-23T21:48:07"/>
	<testcase classname="test_get_vaccine_date_tests.TestGetVaccineDate" name="test_get_vaccine_date_no_ok_data_manipulated" time="0.005" timestamp="2022-05-23T21:48:07"/>
	<testcase classname="test_get_vaccine_date_tests.TestGetVaccineDate" name="test_get_vaccine_date_no_ok_no_quotes" time="0.003" timestamp="2022-05-23T21:48:07"/>
	<testcase classname="test_get_vaccine_date_tests.TestGetVaccineDate" name="test_get_vaccine_date_no_ok_parameter" time="0.111" timestamp="2022-05-23T21:48:07"/>
	<testcase classname="test_get_vaccine_date_tests.TestGetVaccineDate" name="test_get_vaccine_date_ok" time="0.006" timestamp="2022-05-23T21:48:07"/>
</testsuite>
